<?xml version="1.0" encoding="UTF-8"?>
<!-- Generated by org.testng.reporters.JUnitReportReporter -->
<testsuite skipped="0" hostname="DESKTOP-SBI1OAU" name="com.qa.tests.GetApiTestAdvance" tests="2" failures="0" timestamp="30 Apr 2021 10:44:28 GMT" time="1.282" errors="0">
  <testcase name="getAPITest" time="1.165" classname="com.qa.tests.GetApiTestAdvance"/>
  <testcase name="getAPITestWithHeaders" time="0.117" classname="com.qa.tests.GetApiTestAdvance"/>
</testsuite> <!-- com.qa.tests.GetApiTestAdvance -->
