<?xml version="1.0" encoding="UTF-8"?>
<!-- Generated by org.testng.reporters.JUnitReportReporter -->
<testsuite skipped="0" hostname="DESKTOP-SBI1OAU" name="com.qa.tests.GetAPITest" tests="1" failures="0" timestamp="13 Apr 2021 09:34:50 GMT" time="0.909" errors="0">
  <testcase name="getAPITest" time="0.909" classname="com.qa.tests.GetAPITest"/>
</testsuite> <!-- com.qa.tests.GetAPITest -->
