<?xml version="1.0" encoding="UTF-8"?>
<!-- Generated by org.testng.reporters.JUnitReportReporter -->
<testsuite skipped="0" hostname="DESKTOP-SBI1OAU" name="com.qa.tests.PostAPITest" tests="1" failures="0" timestamp="05 May 2021 10:19:48 GMT" time="1.414" errors="0">
  <testcase name="postApiTest" time="1.414" classname="com.qa.tests.PostAPITest"/>
</testsuite> <!-- com.qa.tests.PostAPITest -->
